g++ -std=c++23 -O3 -march=native -DDONT_PRINT_LATEX -o main main.cpp
./main TSPA
results for: TSPA
collected points: 200
calculated the distance matrix

Running MSLS [===================>] 0s left      
Method: msls
Scores: 71394.4 (70977 - 71853)
Best:  35, 184, 43, 116, 65, 47, 131, 149, 59, 118, 51, 176, 80, 133, 151, 162, 123, 127, 70, 135, 154, 180, 53, 63, 79, 94, 26, 86, 75, 101, 1, 97, 152, 2, 129, 92, 82, 120, 44, 25, 16, 171, 175, 1
13, 56, 31, 78, 145, 196, 81, 90, 165, 40, 185, 57, 55, 52, 106, 178, 49, 102, 14, 144, 62, 9, 37, 148, 15, 114, 186, 137, 23, 89, 183, 143, 117, 0, 46, 115, 139, 108, 18, 22, 146, 159, 193, 41, 5, 42, 181, 34, 160, 54, 30, 177, 10, 190, 4, 112, 84, 35                                                                                                                                                Time: 2741.3ms (2727.54ms - 2764.85ms)

Running ILS (ps=10) [===================>] 0s left      
Method: ils_10
Scores: 69503.9 (69107 - 70106)
Best:  102, 62, 9, 148, 124, 94, 63, 79, 80, 176, 137, 23, 186, 89, 183, 143, 0, 117, 93, 140, 108, 18, 22, 146, 34, 160, 48, 54, 177, 10, 190, 4, 112, 84, 184, 131, 149, 65, 116, 43, 42, 181, 159, 
193, 41, 139, 68, 46, 115, 59, 118, 51, 151, 133, 162, 123, 127, 70, 135, 154, 180, 53, 100, 26, 86, 75, 101, 1, 97, 152, 2, 120, 44, 25, 16, 171, 175, 113, 56, 31, 78, 145, 196, 81, 90, 165, 119, 40, 185, 179, 92, 129, 57, 55, 52, 106, 178, 49, 14, 144, 102                                                                                                                                          Time: 2741.94ms (2741.34ms - 2742.69ms)
Number of LS runs: 2081 (2042 - 2106)

Running ILS (ps=11) [===================>] 0s left      
Method: ils_11
Scores: 69523.6 (69187 - 70111)
Best:  133, 162, 123, 127, 70, 135, 154, 180, 53, 100, 26, 86, 75, 101, 1, 97, 152, 2, 120, 44, 25, 16, 171, 175, 113, 31, 78, 145, 92, 129, 57, 179, 196, 81, 90, 165, 119, 40, 185, 55, 52, 106, 178
, 49, 14, 144, 102, 62, 9, 148, 124, 94, 63, 79, 80, 176, 137, 23, 186, 89, 183, 143, 0, 117, 93, 140, 108, 18, 69, 68, 46, 115, 139, 41, 193, 159, 22, 146, 34, 48, 54, 177, 10, 190, 4, 112, 84, 184, 160, 181, 42, 43, 116, 65, 131, 149, 59, 118, 51, 151, 133                                                                                                                                          Time: 2742.12ms (2741.47ms - 2743.01ms)
Number of LS runs: 1869 (1804 - 1915)

Running ILS (ps=12) [===================>] 0s left      
Method: ils_12
Scores: 69533.1 (69121 - 70097)
Best:  112, 84, 184, 35, 131, 149, 65, 116, 43, 42, 181, 159, 193, 41, 139, 68, 46, 115, 59, 118, 51, 151, 133, 162, 123, 127, 70, 135, 154, 180, 53, 100, 26, 86, 75, 101, 1, 97, 152, 2, 120, 44, 25
, 16, 171, 175, 113, 56, 31, 78, 145, 92, 129, 57, 179, 196, 81, 90, 165, 40, 185, 55, 52, 106, 178, 49, 14, 144, 102, 62, 9, 148, 124, 94, 63, 79, 80, 176, 137, 23, 186, 89, 183, 143, 0, 117, 93, 140, 108, 18, 22, 146, 34, 160, 48, 54, 177, 10, 190, 4, 112                                                                                                                                           Time: 2742.26ms (2741.36ms - 2743.01ms)
Number of LS runs: 1703 (1636 - 1738)

Running ILS (ps=13) [===================>] 0s left      
Method: ils_13
Scores: 69457.6 (69185 - 69923)
Best:  196, 179, 57, 129, 92, 145, 78, 31, 56, 113, 175, 171, 16, 25, 44, 120, 2, 152, 97, 1, 101, 75, 86, 26, 100, 53, 180, 154, 135, 70, 127, 123, 162, 133, 151, 51, 118, 59, 149, 65, 116, 43, 42,
 181, 160, 184, 84, 112, 4, 190, 10, 177, 54, 48, 34, 146, 22, 18, 108, 69, 159, 193, 41, 139, 115, 46, 68, 140, 93, 117, 0, 143, 183, 89, 186, 23, 137, 176, 80, 79, 63, 94, 124, 148, 9, 62, 102, 144, 14, 49, 178, 106, 52, 55, 185, 40, 119, 165, 90, 81, 196                                                                                                                                           Time: 2742.22ms (2741.53ms - 2743.19ms)
Number of LS runs: 1553 (1524 - 1578)

Running ILS (ps=14) [===================>] 0s left      
Method: ils_14
Scores: 69507.1 (69137 - 69927)
Best:  2, 120, 44, 25, 16, 171, 175, 113, 56, 31, 78, 145, 196, 81, 90, 165, 119, 40, 185, 179, 92, 129, 57, 55, 52, 106, 178, 49, 14, 144, 102, 62, 9, 148, 124, 94, 63, 79, 80, 176, 137, 23, 186, 8
9, 183, 143, 0, 117, 93, 140, 108, 18, 22, 146, 159, 193, 41, 139, 68, 46, 115, 5, 42, 181, 34, 160, 48, 54, 177, 10, 190, 4, 112, 84, 35, 184, 43, 116, 65, 59, 118, 51, 151, 133, 162, 123, 127, 70, 135, 154, 180, 53, 100, 26, 86, 75, 101, 1, 97, 152, 2                                                                                                                                               Time: 2742.36ms (2741.53ms - 2743.6ms)
Number of LS runs: 1434 (1407 - 1459)

Running ILS (ps=15) [===================>] 0s left      
Method: ils_15
Scores: 69465.6 (69114 - 70060)
Best:  57, 129, 92, 145, 78, 31, 56, 113, 175, 171, 16, 25, 44, 120, 2, 152, 97, 1, 101, 75, 86, 26, 100, 53, 180, 154, 135, 70, 127, 123, 162, 133, 151, 51, 118, 59, 115, 46, 68, 139, 41, 193, 159,
 181, 42, 43, 116, 65, 149, 131, 184, 84, 112, 4, 190, 10, 177, 54, 48, 160, 34, 146, 22, 18, 108, 140, 93, 117, 0, 143, 183, 89, 186, 23, 137, 176, 80, 79, 63, 94, 124, 148, 9, 62, 102, 144, 14, 49, 178, 106, 52, 55, 185, 40, 119, 165, 90, 81, 196, 179, 57                                                                                                                                           Time: 2742.36ms (2741.48ms - 2743.84ms)
Number of LS runs: 1316 (1292 - 1339)

Running ILS (ps=16) [===================>] 0s left      
Method: ils_16
Scores: 69452.9 (69167 - 70056)
Best:  145, 196, 81, 90, 165, 119, 40, 185, 179, 92, 129, 57, 55, 52, 106, 178, 49, 14, 144, 102, 62, 9, 148, 124, 94, 63, 79, 80, 176, 137, 23, 186, 89, 183, 143, 0, 117, 93, 140, 108, 18, 69, 68, 
46, 115, 139, 41, 193, 159, 22, 146, 181, 34, 160, 48, 54, 177, 10, 190, 4, 112, 84, 184, 42, 43, 116, 65, 59, 118, 51, 151, 133, 162, 123, 127, 70, 135, 154, 180, 53, 121, 100, 26, 86, 75, 101, 1, 97, 152, 2, 120, 44, 25, 16, 171, 175, 113, 56, 31, 78, 145                                                                                                                                           Time: 2742.29ms (2741.39ms - 2743.73ms)
Number of LS runs: 1221 (1204 - 1236)

Running ILS (ps=17) [===================>] 0s left      
Method: ils_17
Scores: 69393.4 (69151 - 69859)
Best:  180, 154, 135, 70, 127, 123, 162, 151, 51, 118, 59, 115, 46, 68, 139, 41, 193, 159, 181, 42, 43, 116, 65, 149, 131, 184, 84, 112, 4, 190, 10, 177, 54, 48, 160, 34, 146, 22, 18, 108, 140, 93, 
117, 0, 143, 183, 89, 186, 23, 137, 176, 80, 133, 79, 63, 94, 124, 148, 9, 62, 102, 144, 14, 49, 178, 106, 52, 55, 57, 129, 92, 179, 185, 40, 119, 165, 90, 81, 196, 145, 78, 31, 56, 113, 175, 171, 16, 25, 44, 120, 2, 152, 97, 1, 101, 75, 86, 26, 100, 53, 180                                                                                                                                          Time: 2742.51ms (2741.33ms - 2743.88ms)
Number of LS runs: 1146 (1125 - 1172)

Running ILS (ps=18) [===================>] 0s left      
Method: ils_18
Scores: 69344.6 (69147 - 69786)
Best:  183, 89, 186, 23, 137, 176, 80, 79, 63, 94, 124, 148, 9, 62, 144, 14, 49, 178, 106, 52, 55, 185, 40, 119, 165, 90, 81, 196, 179, 57, 129, 92, 145, 78, 31, 56, 113, 175, 171, 16, 25, 44, 120, 
2, 152, 97, 1, 101, 75, 86, 26, 100, 53, 180, 154, 135, 70, 127, 123, 162, 133, 151, 51, 118, 59, 115, 46, 68, 139, 41, 193, 159, 181, 42, 43, 116, 65, 149, 131, 35, 184, 84, 112, 4, 190, 10, 177, 54, 48, 160, 34, 146, 22, 18, 108, 140, 93, 117, 0, 143, 183                                                                                                                                           Time: 2742.84ms (2741.58ms - 2744.64ms)
Number of LS runs: 1070 (1054 - 1083)

Running ILS (ps=19) [===================>] 0s left      
Method: ils_19
Scores: 69413.7 (69145 - 69828)
Best:  120, 2, 152, 97, 1, 101, 75, 86, 26, 100, 53, 180, 154, 135, 70, 127, 123, 162, 133, 151, 51, 118, 59, 65, 116, 43, 42, 184, 84, 112, 4, 190, 10, 177, 54, 48, 160, 34, 181, 146, 22, 159, 193,
 41, 139, 115, 46, 68, 69, 18, 108, 140, 93, 117, 0, 143, 183, 89, 186, 23, 137, 176, 80, 79, 63, 94, 124, 148, 9, 62, 102, 144, 14, 49, 3, 178, 106, 52, 55, 57, 129, 92, 179, 185, 40, 119, 165, 90, 81, 196, 145, 78, 31, 56, 113, 175, 171, 16, 25, 44, 120                                                                                                                                             Time: 2742.57ms (2741.32ms - 2744.32ms)
Number of LS runs: 1002 (982 - 1018)

Running ILS (ps=20) [===================>] 0s left      
Method: ils_20
Scores: 69433.5 (69134 - 69910)
Best:  120, 2, 152, 97, 1, 101, 75, 86, 26, 100, 53, 180, 154, 135, 70, 127, 123, 162, 133, 151, 51, 118, 59, 115, 46, 68, 139, 41, 193, 159, 181, 42, 43, 116, 65, 149, 131, 35, 184, 84, 112, 4, 190
, 10, 177, 54, 48, 160, 34, 146, 22, 18, 108, 140, 93, 117, 0, 143, 183, 89, 186, 23, 137, 176, 80, 79, 63, 94, 124, 148, 9, 62, 102, 144, 14, 49, 178, 106, 52, 55, 185, 40, 119, 165, 90, 81, 196, 179, 57, 129, 92, 145, 78, 31, 113, 175, 171, 16, 25, 44, 120                                                                                                                                          Time: 2742.75ms (2741.41ms - 2743.92ms)
Number of LS runs: 952 (928 - 976)

gnuplot -e "INSTANCE='TSPA'" -e "METHOD='msls'" plot_template.gnuplot
gnuplot -e "INSTANCE='TSPA'" -e "METHOD='ils_10'" plot_template.gnuplot
gnuplot -e "INSTANCE='TSPA'" -e "METHOD='ils_11'" plot_template.gnuplot
gnuplot -e "INSTANCE='TSPA'" -e "METHOD='ils_12'" plot_template.gnuplot
gnuplot -e "INSTANCE='TSPA'" -e "METHOD='ils_13'" plot_template.gnuplot
gnuplot -e "INSTANCE='TSPA'" -e "METHOD='ils_14'" plot_template.gnuplot
gnuplot -e "INSTANCE='TSPA'" -e "METHOD='ils_15'" plot_template.gnuplot
gnuplot -e "INSTANCE='TSPA'" -e "METHOD='ils_16'" plot_template.gnuplot
gnuplot -e "INSTANCE='TSPA'" -e "METHOD='ils_17'" plot_template.gnuplot
gnuplot -e "INSTANCE='TSPA'" -e "METHOD='ils_18'" plot_template.gnuplot
gnuplot -e "INSTANCE='TSPA'" -e "METHOD='ils_19'" plot_template.gnuplot
gnuplot -e "INSTANCE='TSPA'" -e "METHOD='ils_20'" plot_template.gnuplot
./main TSPB
results for: TSPB
collected points: 200
calculated the distance matrix

Running MSLS [===================>] 0s left      
Method: msls
Scores: 45766 (45428 - 46267)
Best:  185, 130, 95, 86, 166, 194, 176, 180, 113, 26, 114, 137, 127, 89, 103, 163, 187, 153, 81, 77, 97, 141, 91, 79, 61, 36, 177, 5, 78, 175, 80, 190, 193, 31, 54, 117, 1, 16, 27, 38, 135, 63, 40, 
107, 10, 133, 122, 90, 51, 121, 118, 134, 147, 6, 188, 169, 132, 70, 3, 15, 145, 195, 168, 139, 11, 138, 104, 8, 82, 111, 144, 160, 33, 49, 29, 0, 109, 35, 143, 106, 124, 62, 18, 55, 34, 155, 184, 152, 183, 140, 4, 149, 28, 20, 60, 148, 47, 94, 66, 179, 185                                                                                                                                           Time: 2772.84ms (2723.6ms - 2813.15ms)

Running ILS (ps=10) [===================>] 0s left      
Method: ils_10
Scores: 43820.2 (43484 - 44542)
Best:  21, 82, 111, 29, 0, 109, 35, 143, 106, 124, 62, 18, 55, 34, 170, 152, 183, 140, 4, 149, 28, 20, 60, 148, 47, 94, 66, 179, 22, 99, 130, 95, 185, 86, 166, 194, 176, 113, 103, 114, 137, 127, 89,
 163, 187, 153, 81, 77, 141, 91, 61, 36, 177, 5, 78, 175, 80, 190, 136, 73, 54, 31, 193, 117, 198, 156, 1, 16, 27, 38, 63, 40, 107, 133, 122, 135, 131, 121, 51, 90, 147, 6, 188, 169, 132, 70, 3, 15, 145, 13, 195, 168, 139, 11, 138, 33, 160, 144, 104, 8, 21                                                                                                                                            Time: 2773.49ms (2772.91ms - 2774.46ms)
Number of LS runs: 2112 (1938 - 2233)

Running ILS (ps=11) [===================>] 0s left      
Method: ils_11
Scores: 43868.9 (43472 - 44576)
Best:  166, 86, 185, 95, 130, 99, 179, 66, 94, 47, 148, 60, 20, 28, 149, 4, 140, 183, 152, 170, 34, 55, 18, 62, 124, 106, 143, 35, 109, 0, 29, 111, 82, 8, 104, 144, 160, 33, 138, 11, 139, 168, 195, 
13, 145, 15, 3, 70, 132, 169, 188, 6, 147, 191, 90, 51, 121, 131, 135, 122, 107, 40, 63, 38, 27, 16, 1, 156, 198, 117, 193, 31, 54, 73, 136, 190, 80, 45, 142, 175, 78, 5, 177, 36, 61, 91, 141, 77, 81, 153, 187, 163, 103, 89, 127, 137, 114, 113, 176, 194, 166                                                                                                                                          Time: 2773.56ms (2772.86ms - 2774.4ms)
Number of LS runs: 1955 (1793 - 2012)

Running ILS (ps=12) [===================>] 0s left      
Method: ils_12
Scores: 43862.6 (43483 - 44202)
Best:  135, 122, 133, 107, 40, 63, 38, 27, 16, 1, 156, 198, 117, 193, 31, 54, 73, 136, 190, 80, 175, 78, 5, 177, 36, 61, 91, 141, 77, 81, 153, 187, 163, 103, 89, 127, 137, 114, 113, 176, 194, 166, 8
6, 185, 95, 130, 99, 179, 66, 94, 47, 148, 60, 20, 28, 149, 4, 140, 183, 152, 170, 34, 55, 18, 62, 124, 106, 143, 35, 109, 0, 29, 111, 82, 21, 8, 104, 144, 160, 33, 138, 11, 139, 168, 195, 13, 145, 15, 3, 70, 132, 169, 188, 6, 147, 191, 90, 51, 121, 131, 135                                                                                                                                          Time: 2773.53ms (2772.88ms - 2775.38ms)
Number of LS runs: 1800 (1743 - 1835)

Running ILS (ps=13) [===================>] 0s left      
Method: ils_13
Scores: 43856.3 (43513 - 44569)
Best:  163, 187, 153, 81, 77, 141, 91, 61, 36, 177, 5, 142, 78, 175, 80, 190, 136, 73, 54, 31, 193, 117, 198, 156, 1, 16, 27, 38, 63, 40, 107, 122, 135, 131, 121, 51, 90, 147, 6, 188, 169, 132, 70, 
3, 15, 145, 13, 195, 168, 139, 11, 138, 33, 160, 144, 104, 8, 21, 82, 111, 29, 0, 109, 35, 143, 106, 124, 62, 18, 55, 34, 170, 152, 183, 140, 4, 149, 28, 20, 60, 148, 47, 94, 66, 179, 99, 130, 95, 185, 86, 166, 194, 176, 180, 113, 114, 137, 127, 89, 103, 163                                                                                                                                          Time: 2773.55ms (2772.87ms - 2774.68ms)
Number of LS runs: 1633 (1578 - 1656)

Running ILS (ps=14) [===================>] 0s left      
Method: ils_14
Scores: 43835.8 (43499 - 44364)
Best:  95, 130, 99, 22, 179, 66, 94, 47, 148, 60, 20, 28, 149, 4, 140, 183, 152, 170, 34, 55, 18, 62, 124, 106, 143, 35, 109, 0, 29, 160, 33, 144, 111, 82, 21, 8, 104, 138, 11, 139, 168, 195, 13, 14
5, 15, 3, 70, 132, 169, 188, 6, 147, 191, 90, 51, 121, 131, 135, 122, 107, 40, 63, 38, 27, 16, 1, 156, 198, 117, 193, 31, 54, 73, 136, 190, 80, 175, 78, 5, 177, 36, 61, 91, 141, 77, 81, 153, 187, 163, 103, 89, 127, 137, 114, 113, 176, 194, 166, 86, 185, 95                                                                                                                                            Time: 2773.8ms (2772.94ms - 2774.79ms)
Number of LS runs: 1506 (1492 - 1523)

Running ILS (ps=15) [===================>] 0s left      
Method: ils_15
Scores: 43742.6 (43448 - 44302)
Best:  153, 81, 77, 141, 91, 61, 36, 177, 5, 78, 175, 142, 45, 80, 190, 136, 73, 54, 31, 193, 117, 198, 156, 1, 16, 27, 38, 63, 40, 107, 133, 122, 135, 131, 121, 51, 90, 147, 6, 188, 169, 132, 70, 3
, 15, 145, 13, 195, 168, 139, 11, 138, 33, 160, 144, 104, 8, 111, 29, 0, 109, 35, 143, 106, 124, 62, 18, 55, 34, 170, 152, 183, 140, 4, 149, 28, 20, 60, 148, 47, 94, 66, 179, 22, 99, 130, 95, 185, 86, 166, 194, 176, 113, 114, 137, 127, 89, 103, 163, 187, 153                                                                                                                                          Time: 2774.02ms (2772.86ms - 2775.53ms)
Number of LS runs: 1388 (1349 - 1411)

Running ILS (ps=16) [===================>] 0s left      
Method: ils_16
Scores: 43787.6 (43504 - 44235)
Best:  153, 81, 77, 141, 91, 61, 36, 177, 5, 142, 78, 175, 80, 190, 136, 73, 54, 31, 193, 117, 198, 156, 1, 16, 27, 38, 63, 40, 107, 122, 135, 131, 121, 51, 90, 191, 147, 6, 188, 169, 132, 70, 3, 15
, 145, 13, 195, 168, 139, 11, 138, 104, 8, 21, 82, 111, 144, 33, 160, 29, 0, 109, 35, 143, 106, 124, 62, 18, 55, 34, 170, 152, 183, 140, 4, 149, 28, 20, 60, 148, 47, 94, 66, 179, 99, 130, 95, 185, 86, 166, 194, 176, 113, 114, 137, 127, 89, 103, 163, 187, 153                                                                                                                                          Time: 2773.73ms (2772.89ms - 2775.37ms)
Number of LS runs: 1290 (1244 - 1309)

Running ILS (ps=17) [===================>] 0s left      
Method: ils_17
Scores: 43871.9 (43476 - 44295)
Best:  11, 138, 33, 160, 144, 104, 8, 82, 111, 29, 0, 109, 35, 143, 106, 124, 62, 18, 55, 34, 170, 152, 183, 140, 4, 149, 28, 20, 60, 148, 47, 94, 66, 179, 22, 99, 130, 95, 185, 86, 166, 194, 176, 1
13, 114, 137, 127, 89, 103, 163, 187, 153, 81, 77, 141, 91, 61, 36, 177, 5, 78, 175, 142, 45, 80, 190, 136, 73, 54, 31, 193, 117, 198, 156, 1, 27, 38, 63, 40, 107, 122, 135, 131, 121, 51, 90, 191, 147, 6, 188, 169, 132, 70, 3, 15, 145, 13, 195, 168, 139, 11                                                                                                                                           Time: 2774.31ms (2773.03ms - 2776.29ms)
Number of LS runs: 1203 (1154 - 1217)

Running ILS (ps=18) [===================>] 0s left      
Method: ils_18
Scores: 43884.6 (43503 - 44287)
Best:  175, 78, 5, 177, 36, 61, 91, 141, 77, 81, 153, 163, 89, 127, 137, 114, 103, 113, 176, 194, 166, 86, 185, 95, 130, 99, 179, 66, 94, 47, 148, 60, 20, 28, 149, 4, 140, 183, 152, 170, 34, 55, 18,
 62, 124, 106, 143, 35, 109, 0, 29, 111, 82, 21, 8, 104, 144, 160, 33, 138, 11, 139, 168, 195, 13, 145, 15, 3, 70, 132, 169, 188, 6, 147, 191, 90, 51, 121, 131, 135, 122, 107, 40, 63, 38, 27, 16, 1, 156, 198, 117, 193, 31, 54, 73, 136, 190, 80, 45, 142, 175                                                                                                                                           Time: 2774.31ms (2773.27ms - 2776.29ms)
Number of LS runs: 1125 (1061 - 1143)

Running ILS (ps=19) [===================>] 0s left      
Method: ils_19
Scores: 43894.3 (43493 - 44326)
Best:  4, 140, 183, 152, 170, 34, 55, 18, 62, 124, 106, 143, 35, 109, 0, 29, 111, 82, 21, 8, 104, 144, 160, 33, 138, 11, 139, 168, 195, 13, 145, 15, 3, 70, 132, 169, 188, 6, 147, 90, 51, 121, 131, 1
35, 122, 133, 107, 40, 63, 38, 27, 16, 1, 156, 198, 117, 193, 31, 54, 73, 136, 190, 80, 45, 142, 175, 78, 5, 177, 36, 61, 91, 141, 77, 81, 153, 163, 89, 127, 137, 114, 103, 113, 176, 194, 166, 86, 185, 95, 130, 99, 179, 66, 94, 47, 148, 60, 20, 28, 149, 4                                                                                                                                             Time: 2773.91ms (2772.85ms - 2775.96ms)
Number of LS runs: 1055 (1025 - 1073)

Running ILS (ps=20) [===================>] 0s left      
Method: ils_20
Scores: 43798.3 (43483 - 44258)
Best:  190, 136, 73, 54, 31, 193, 117, 198, 156, 1, 131, 121, 51, 90, 122, 135, 63, 100, 40, 107, 133, 10, 147, 6, 188, 169, 132, 70, 3, 15, 145, 13, 195, 168, 139, 11, 138, 33, 160, 144, 104, 8, 21
, 82, 111, 29, 0, 109, 35, 143, 106, 124, 62, 18, 55, 34, 170, 152, 183, 140, 4, 149, 28, 20, 60, 148, 47, 94, 66, 179, 99, 130, 95, 185, 86, 166, 194, 176, 113, 114, 137, 127, 89, 103, 163, 187, 153, 81, 77, 141, 91, 61, 36, 177, 5, 78, 175, 142, 45, 80, 190                                                                                                                                         Time: 2774.2ms (2773.04ms - 2775.43ms)
Number of LS runs: 999 (974 - 1017)

gnuplot -e "INSTANCE='TSPB'" -e "METHOD='msls'" plot_template.gnuplot
gnuplot -e "INSTANCE='TSPB'" -e "METHOD='ils_10'" plot_template.gnuplot
gnuplot -e "INSTANCE='TSPB'" -e "METHOD='ils_11'" plot_template.gnuplot
gnuplot -e "INSTANCE='TSPB'" -e "METHOD='ils_12'" plot_template.gnuplot
gnuplot -e "INSTANCE='TSPB'" -e "METHOD='ils_13'" plot_template.gnuplot
gnuplot -e "INSTANCE='TSPB'" -e "METHOD='ils_14'" plot_template.gnuplot
gnuplot -e "INSTANCE='TSPB'" -e "METHOD='ils_15'" plot_template.gnuplot
gnuplot -e "INSTANCE='TSPB'" -e "METHOD='ils_16'" plot_template.gnuplot
gnuplot -e "INSTANCE='TSPB'" -e "METHOD='ils_17'" plot_template.gnuplot
gnuplot -e "INSTANCE='TSPB'" -e "METHOD='ils_18'" plot_template.gnuplot
gnuplot -e "INSTANCE='TSPB'" -e "METHOD='ils_19'" plot_template.gnuplot
gnuplot -e "INSTANCE='TSPB'" -e "METHOD='ils_20'" plot_template.gnuplot
